[debug] [2025-06-19T16:43:43.068Z] ----------------------------------------------------------------------
[debug] [2025-06-19T16:43:43.072Z] Command:       /nix/store/rbdrkcs5kkwpalxcd7c6bnm33lk2955n-nodejs-20.19.0/bin/node /nix/store/nh3zwzkz6wh6qa7bd2ywzr7irjij7j1i-firebase-tools-14.3.1/lib/node_modules/firebase-tools/lib/bin/firebase.js login --no-localhost
[debug] [2025-06-19T16:43:43.073Z] CLI Version:   14.3.1
[debug] [2025-06-19T16:43:43.074Z] Platform:      linux
[debug] [2025-06-19T16:43:43.074Z] Node Version:  v20.19.0
[debug] [2025-06-19T16:43:43.074Z] Time:          Thu Jun 19 2025 16:43:43 GMT+0000 (Coordinated Universal Time)
[debug] [2025-06-19T16:43:43.075Z] ----------------------------------------------------------------------
[debug] 
[debug] [2025-06-19T16:43:43.079Z] >>> [apiv2][query] GET https://firebase-public.firebaseio.com/cli.json [none]
[info] i  Firebase optionally collects CLI and Emulator Suite usage and error reporting information to help improve our products. Data is collected in accordance with Google's privacy policy (https://policies.google.com/privacy) and is not used to identify you.
 
[debug] [2025-06-19T16:43:43.534Z] <<< [apiv2][status] GET https://firebase-public.firebaseio.com/cli.json 200
[debug] [2025-06-19T16:43:43.534Z] <<< [apiv2][body] GET https://firebase-public.firebaseio.com/cli.json {"cloudBuildErrorAfter":1594252800000,"cloudBuildWarnAfter":1590019200000,"defaultNode10After":1594252800000,"minVersion":"3.0.5","node8DeploysDisabledAfter":1613390400000,"node8RuntimeDisabledAfter":1615809600000,"node8WarnAfter":1600128000000}
[info] i  To change your data collection preference at any time, run `firebase logout` and log in again. 
[debug] [2025-06-19T16:43:48.270Z] >>> [apiv2][query] POST https://auth.firebase.tools/attest [none]
[debug] [2025-06-19T16:43:48.270Z] >>> [apiv2][body] POST https://auth.firebase.tools/attest {"session_id":"ee476f9a-d863-4387-8e0c-13fd6bd401b6"}
[debug] [2025-06-19T16:43:49.464Z] <<< [apiv2][status] POST https://auth.firebase.tools/attest 200
[debug] [2025-06-19T16:43:49.465Z] <<< [apiv2][body] POST https://auth.firebase.tools/attest {"token":"we0whS76epzWw9D1AY-jYGV8wSDxK4HnrV4_uPRAzpU"}
[info] 
[info] To sign in to the Firebase CLI:
[info] 
[info] 1. Take note of your session ID:
[info] 
[info]    EE476
[info] 
[info] 2. Visit the URL below on any device and follow the instructions to get your code:
[info] 
[info]    https://auth.firebase.tools/login?code_challenge=M6WCPbJu-WLW2lk3II6Gc77NB57ZmcOe5clbLdFzV2k&session=ee476f9a-d863-4387-8e0c-13fd6bd401b6&attest=we0whS76epzWw9D1AY-jYGV8wSDxK4HnrV4_uPRAzpU
[info] 
[info] 3. Paste or enter the authorization code below once you have it:
[info] 
